<?xml version="1.0" encoding="UTF-8"?>
<testsuite name="dao.Sql2oNewsDaoTest" tests="6" skipped="0" failures="0" errors="0" timestamp="2020-09-29T21:30:11" hostname="makena-ThinkPad-X1-Carbon-3rd" time="0.477">
  <properties/>
  <testcase name="findById_returnsNewsById" classname="dao.Sql2oNewsDaoTest" time="0.108"/>
  <testcase name="allNewsInDepartment_returnsAllNewsInADepartment" classname="dao.Sql2oNewsDaoTest" time="0.102"/>
  <testcase name="allNews_returnsAllNews" classname="dao.Sql2oNewsDaoTest" time="0.044"/>
  <testcase name="save_successfullySavesNewsInTheDBWithID" classname="dao.Sql2oNewsDaoTest" time="0.04"/>
  <testcase name="delete_deleteNewsById" classname="dao.Sql2oNewsDaoTest" time="0.075"/>
  <testcase name="clearAll_deletesAllNewsEntries" classname="dao.Sql2oNewsDaoTest" time="0.103"/>
  <system-out><![CDATA[CLEARING DATABASE!!!!!!!
CLEARING DATABASE!!!!!!!
CLEARING DATABASE!!!!!!!
CLEARING DATABASE!!!!!!!
CLEARING DATABASE!!!!!!!
CLEARING DATABASE!!!!!!!
SHUTTING DOWN DATABASE!!!!!!
]]></system-out>
  <system-err><![CDATA[]]></system-err>
</testsuite>
