<?xml version="1.0" encoding="UTF-8"?>
<testsuite name="models.DepartmentsTest" tests="1" skipped="0" failures="0" errors="0" timestamp="2020-09-28T18:50:42" hostname="makena-ThinkPad-X1-Carbon-3rd" time="0.005">
  <properties/>
  <testcase name="testDepartments_UpdatesName_String" classname="models.DepartmentsTest" time="0.005"/>
  <system-out><![CDATA[]]></system-out>
  <system-err><![CDATA[]]></system-err>
</testsuite>
